  SimpleAI.cpp
C:\Users\Ben\source\repos\Sample2015\SimpleAI.cpp(17,12): warning C4244:  'argument': conversion from 'time_t' to 'unsigned int', possible loss of data
C:\Users\Ben\source\repos\Sample2015\SimpleAI.cpp(86,12): warning C4244:  '=': conversion from 'double' to 'float', possible loss of data
C:\Users\Ben\source\repos\Sample2015\SimpleAI.cpp(88,12): warning C4244:  '=': conversion from 'double' to 'float', possible loss of data
C:\Users\Ben\source\repos\Sample2015\SimpleAI.cpp(110,37): warning C4244:  'argument': conversion from 'double' to 'GLfloat', possible loss of data
C:\Users\Ben\source\repos\Sample2015\SimpleAI.cpp(111,35): warning C4244:  'argument': conversion from 'double' to 'GLfloat', possible loss of data
C:\Users\Ben\source\repos\Sample2015\SimpleAI.cpp(115,37): warning C4244:  'argument': conversion from 'double' to 'GLfloat', possible loss of data
C:\Users\Ben\source\repos\Sample2015\SimpleAI.cpp(116,27): warning C4244:  'argument': conversion from 'double' to 'GLfloat', possible loss of data
C:\Users\Ben\source\repos\Sample2015\SimpleAI.cpp(120,37): warning C4244:  'argument': conversion from 'double' to 'GLfloat', possible loss of data
C:\Users\Ben\source\repos\Sample2015\SimpleAI.cpp(121,40): warning C4244:  'argument': conversion from 'double' to 'GLfloat', possible loss of data
C:\Users\Ben\source\repos\Sample2015\SimpleAI.cpp(125,37): warning C4244:  'argument': conversion from 'double' to 'GLfloat', possible loss of data
C:\Users\Ben\source\repos\Sample2015\SimpleAI.cpp(126,29): warning C4244:  'argument': conversion from 'double' to 'GLfloat', possible loss of data
C:\Users\Ben\source\repos\Sample2015\SimpleAI.cpp(38,8): warning C4101:  'AITurretAngle': unreferenced local variable
C:\Users\Ben\source\repos\Sample2015\SimpleAI.cpp(37,7): warning C4101:  'isClear': unreferenced local variable
C:\Users\Ben\source\repos\Sample2015\SimpleAI.cpp(269,12): warning C4244:  '=': conversion from 'double' to 'float', possible loss of data
C:\Users\Ben\source\repos\Sample2015\SimpleAI.cpp(271,12): warning C4244:  '=': conversion from 'double' to 'float', possible loss of data
C:\Users\Ben\source\repos\Sample2015\SimpleAI.cpp(293,36): warning C4244:  'argument': conversion from 'double' to 'GLfloat', possible loss of data
C:\Users\Ben\source\repos\Sample2015\SimpleAI.cpp(294,34): warning C4244:  'argument': conversion from 'double' to 'GLfloat', possible loss of data
C:\Users\Ben\source\repos\Sample2015\SimpleAI.cpp(298,36): warning C4244:  'argument': conversion from 'double' to 'GLfloat', possible loss of data
C:\Users\Ben\source\repos\Sample2015\SimpleAI.cpp(299,26): warning C4244:  'argument': conversion from 'double' to 'GLfloat', possible loss of data
C:\Users\Ben\source\repos\Sample2015\SimpleAI.cpp(303,36): warning C4244:  'argument': conversion from 'double' to 'GLfloat', possible loss of data
C:\Users\Ben\source\repos\Sample2015\SimpleAI.cpp(304,41): warning C4244:  'argument': conversion from 'double' to 'GLfloat', possible loss of data
C:\Users\Ben\source\repos\Sample2015\SimpleAI.cpp(308,36): warning C4244:  'argument': conversion from 'double' to 'GLfloat', possible loss of data
C:\Users\Ben\source\repos\Sample2015\SimpleAI.cpp(309,28): warning C4244:  'argument': conversion from 'double' to 'GLfloat', possible loss of data
C:\Users\Ben\source\repos\Sample2015\SimpleAI.cpp(207,8): warning C4101:  'AITurretAngle': unreferenced local variable
  sample.cpp
C:\Users\Ben\source\repos\Sample2015\SimpleAI.cpp(206,7): warning C4101:  'isClear': unreferenced local variable
C:\Users\Ben\source\repos\Sample2015\Globals.h(160,23): warning C4305:  'initializing': truncation from 'double' to 'float'
C:\Users\Ben\source\repos\Sample2015\Globals.h(176,29): warning C4305:  'initializing': truncation from 'double' to 'float'
C:\Users\Ben\source\repos\Sample2015\Utility.h(297,45): warning C4244:  '=': conversion from 'double' to 'float', possible loss of data
C:\Users\Ben\source\repos\Sample2015\Utility.h(298,48): warning C4244:  '=': conversion from 'double' to 'float', possible loss of data
C:\Users\Ben\source\repos\Sample2015\Utility.h(306,41): warning C4244:  '=': conversion from 'double' to 'float', possible loss of data
C:\Users\Ben\source\repos\Sample2015\Utility.h(307,44): warning C4244:  '=': conversion from 'double' to 'float', possible loss of data
C:\Users\Ben\source\repos\Sample2015\Utility.h(315,32): warning C4305:  '=': truncation from 'double' to 'float'
C:\Users\Ben\source\repos\Sample2015\Utility.h(317,32): warning C4305:  '=': truncation from 'double' to 'float'
C:\Users\Ben\source\repos\Sample2015\Utility.h(318,35): warning C4244:  '=': conversion from 'double' to 'float', possible loss of data
C:\Users\Ben\source\repos\Sample2015\Utility.h(319,38): warning C4244:  '=': conversion from 'double' to 'float', possible loss of data
C:\Users\Ben\source\repos\Sample2015\Utility.h(329,35): warning C4244:  '=': conversion from 'double' to 'float', possible loss of data
C:\Users\Ben\source\repos\Sample2015\Utility.h(330,38): warning C4244:  '=': conversion from 'double' to 'float', possible loss of data
C:\Users\Ben\source\repos\Sample2015\Utility.h(344,29): warning C4244:  '=': conversion from 'int' to 'float', possible loss of data
C:\Users\Ben\source\repos\Sample2015\Utility.h(347,36): warning C4244:  '=': conversion from 'double' to 'float', possible loss of data
C:\Users\Ben\source\repos\Sample2015\Utility.h(348,39): warning C4244:  '=': conversion from 'double' to 'float', possible loss of data
C:\Users\Ben\source\repos\Sample2015\Utility.h(349,33): warning C4244:  '=': conversion from 'int' to 'float', possible loss of data
C:\Users\Ben\source\repos\Sample2015\Utility.h(360,36): warning C4244:  '=': conversion from 'int' to 'float', possible loss of data
C:\Users\Ben\source\repos\Sample2015\Utility.h(363,36): warning C4244:  '=': conversion from 'double' to 'float', possible loss of data
C:\Users\Ben\source\repos\Sample2015\Utility.h(364,39): warning C4244:  '=': conversion from 'double' to 'float', possible loss of data
C:\Users\Ben\source\repos\Sample2015\Utility.h(374,35): warning C4244:  '=': conversion from 'double' to 'float', possible loss of data
C:\Users\Ben\source\repos\Sample2015\Utility.h(375,38): warning C4244:  '=': conversion from 'double' to 'float', possible loss of data
C:\Users\Ben\source\repos\Sample2015\Utility.h(1046,34): warning C4305:  '=': truncation from 'double' to 'float'
C:\Users\Ben\source\repos\Sample2015\Utility.h(1047,39): warning C4244:  '=': conversion from 'int' to 'float', possible loss of data
C:\Users\Ben\source\repos\Sample2015\Utility.h(1158,34): warning C4305:  '=': truncation from 'double' to 'float'
C:\Users\Ben\source\repos\Sample2015\Utility.h(1159,39): warning C4244:  '=': conversion from 'int' to 'float', possible loss of data
C:\Users\Ben\source\repos\Sample2015\Utility.h(1219,34): warning C4305:  '=': truncation from 'double' to 'float'
C:\Users\Ben\source\repos\Sample2015\Utility.h(1220,39): warning C4244:  '=': conversion from 'int' to 'float', possible loss of data
C:\Users\Ben\source\repos\Sample2015\Utility.h(1244,34): warning C4305:  '=': truncation from 'double' to 'float'
C:\Users\Ben\source\repos\Sample2015\Utility.h(1245,39): warning C4244:  '=': conversion from 'int' to 'float', possible loss of data
C:\Users\Ben\source\repos\Sample2015\Utility.h(1328,34): warning C4305:  '=': truncation from 'double' to 'float'
C:\Users\Ben\source\repos\Sample2015\Utility.h(1329,39): warning C4244:  '=': conversion from 'int' to 'float', possible loss of data
C:\Users\Ben\source\repos\Sample2015\Utility.h(1441,34): warning C4305:  '=': truncation from 'double' to 'float'
C:\Users\Ben\source\repos\Sample2015\Utility.h(1442,39): warning C4244:  '=': conversion from 'int' to 'float', possible loss of data
C:\Users\Ben\source\repos\Sample2015\Utility.h(1466,34): warning C4305:  '=': truncation from 'double' to 'float'
C:\Users\Ben\source\repos\Sample2015\Utility.h(1467,39): warning C4244:  '=': conversion from 'int' to 'float', possible loss of data
C:\Users\Ben\source\repos\Sample2015\Utility.h(1528,34): warning C4305:  '=': truncation from 'double' to 'float'
C:\Users\Ben\source\repos\Sample2015\Utility.h(1529,39): warning C4244:  '=': conversion from 'int' to 'float', possible loss of data
C:\Users\Ben\source\repos\Sample2015\Utility.h(1577,47): warning C4244:  '=': conversion from 'double' to 'float', possible loss of data
C:\Users\Ben\source\repos\Sample2015\Utility.h(1578,47): warning C4244:  '=': conversion from 'double' to 'float', possible loss of data
C:\Users\Ben\source\repos\Sample2015\Utility.h(1579,36): warning C4305:  '=': truncation from 'double' to 'float'
C:\Users\Ben\source\repos\Sample2015\Utility.h(1580,40): warning C4244:  '=': conversion from 'int' to 'float', possible loss of data
C:\Users\Ben\source\repos\Sample2015\Utility.h(1611,47): warning C4244:  '=': conversion from 'double' to 'float', possible loss of data
C:\Users\Ben\source\repos\Sample2015\Utility.h(1612,47): warning C4244:  '=': conversion from 'double' to 'float', possible loss of data
C:\Users\Ben\source\repos\Sample2015\Utility.h(1613,37): warning C4305:  '=': truncation from 'double' to 'float'
C:\Users\Ben\source\repos\Sample2015\Utility.h(1614,40): warning C4244:  '=': conversion from 'int' to 'float', possible loss of data
C:\Users\Ben\source\repos\Sample2015\Utility.h(1646,45): warning C4244:  '=': conversion from 'double' to 'float', possible loss of data
C:\Users\Ben\source\repos\Sample2015\Utility.h(1647,45): warning C4244:  '=': conversion from 'double' to 'float', possible loss of data
C:\Users\Ben\source\repos\Sample2015\Utility.h(1648,36): warning C4305:  '=': truncation from 'double' to 'float'
C:\Users\Ben\source\repos\Sample2015\Utility.h(1649,40): warning C4244:  '=': conversion from 'int' to 'float', possible loss of data
C:\Users\Ben\source\repos\Sample2015\Utility.h(1680,45): warning C4244:  '=': conversion from 'double' to 'float', possible loss of data
C:\Users\Ben\source\repos\Sample2015\Utility.h(1681,45): warning C4244:  '=': conversion from 'double' to 'float', possible loss of data
C:\Users\Ben\source\repos\Sample2015\Utility.h(1682,37): warning C4305:  '=': truncation from 'double' to 'float'
C:\Users\Ben\source\repos\Sample2015\Utility.h(1683,40): warning C4244:  '=': conversion from 'int' to 'float', possible loss of data
C:\Users\Ben\source\repos\Sample2015\Renderer.h(85,37): warning C4244:  'argument': conversion from 'double' to 'float', possible loss of data
C:\Users\Ben\source\repos\Sample2015\Renderer.h(85,27): warning C4244:  'argument': conversion from 'double' to 'float', possible loss of data
C:\Users\Ben\source\repos\Sample2015\Renderer.h(85,17): warning C4244:  'argument': conversion from 'double' to 'float', possible loss of data
C:\Users\Ben\source\repos\Sample2015\Renderer.h(125,24): warning C4305:  'argument': truncation from 'double' to 'GLfloat'
C:\Users\Ben\source\repos\Sample2015\Renderer.h(151,25): warning C4305:  'argument': truncation from 'double' to 'GLfloat'
C:\Users\Ben\source\repos\Sample2015\Renderer.h(159,27): warning C4305:  'argument': truncation from 'double' to 'GLfloat'
C:\Users\Ben\source\repos\Sample2015\Renderer.h(167,27): warning C4305:  'argument': truncation from 'double' to 'GLfloat'
C:\Users\Ben\source\repos\Sample2015\Renderer.h(177,24): warning C4305:  'argument': truncation from 'double' to 'GLfloat'
C:\Users\Ben\source\repos\Sample2015\Renderer.h(188,21): warning C4305:  'argument': truncation from 'double' to 'GLfloat'
C:\Users\Ben\source\repos\Sample2015\Renderer.h(196,21): warning C4305:  'argument': truncation from 'double' to 'GLfloat'
C:\Users\Ben\source\repos\Sample2015\Renderer.h(203,25): warning C4305:  'argument': truncation from 'double' to 'GLfloat'
C:\Users\Ben\source\repos\Sample2015\Renderer.h(211,21): warning C4305:  'argument': truncation from 'double' to 'GLfloat'
C:\Users\Ben\source\repos\Sample2015\Renderer.h(219,21): warning C4305:  'argument': truncation from 'double' to 'GLfloat'
C:\Users\Ben\source\repos\Sample2015\Renderer.h(229,24): warning C4305:  'argument': truncation from 'double' to 'GLfloat'
C:\Users\Ben\source\repos\Sample2015\Renderer.h(257,27): warning C4305:  'argument': truncation from 'double' to 'GLfloat'
C:\Users\Ben\source\repos\Sample2015\Renderer.h(265,27): warning C4305:  'argument': truncation from 'double' to 'GLfloat'
C:\Users\Ben\source\repos\Sample2015\Renderer.h(275,24): warning C4305:  'argument': truncation from 'double' to 'GLfloat'
C:\Users\Ben\source\repos\Sample2015\Renderer.h(287,23): warning C4305:  'argument': truncation from 'double' to 'GLfloat'
C:\Users\Ben\source\repos\Sample2015\Renderer.h(295,23): warning C4305:  'argument': truncation from 'double' to 'GLfloat'
C:\Users\Ben\source\repos\Sample2015\Renderer.h(303,23): warning C4305:  'argument': truncation from 'double' to 'GLfloat'
C:\Users\Ben\source\repos\Sample2015\Renderer.h(311,23): warning C4305:  'argument': truncation from 'double' to 'GLfloat'
C:\Users\Ben\source\repos\Sample2015\Renderer.h(321,24): warning C4305:  'argument': truncation from 'double' to 'GLfloat'
C:\Users\Ben\source\repos\Sample2015\Renderer.h(332,27): warning C4305:  'argument': truncation from 'double' to 'GLfloat'
C:\Users\Ben\source\repos\Sample2015\Renderer.h(340,27): warning C4305:  'argument': truncation from 'double' to 'GLfloat'
C:\Users\Ben\source\repos\Sample2015\Renderer.h(348,27): warning C4305:  'argument': truncation from 'double' to 'GLfloat'
C:\Users\Ben\source\repos\Sample2015\Renderer.h(356,27): warning C4305:  'argument': truncation from 'double' to 'GLfloat'
C:\Users\Ben\source\repos\Sample2015\Renderer.h(366,24): warning C4305:  'argument': truncation from 'double' to 'GLfloat'
C:\Users\Ben\source\repos\Sample2015\Renderer.h(377,26): warning C4305:  'argument': truncation from 'double' to 'GLfloat'
C:\Users\Ben\source\repos\Sample2015\Renderer.h(385,26): warning C4305:  'argument': truncation from 'double' to 'GLfloat'
C:\Users\Ben\source\repos\Sample2015\Renderer.h(393,26): warning C4305:  'argument': truncation from 'double' to 'GLfloat'
C:\Users\Ben\source\repos\Sample2015\Renderer.h(401,26): warning C4305:  'argument': truncation from 'double' to 'GLfloat'
C:\Users\Ben\source\repos\Sample2015\Renderer.h(411,24): warning C4305:  'argument': truncation from 'double' to 'GLfloat'
C:\Users\Ben\source\repos\Sample2015\Renderer.h(422,23): warning C4305:  'argument': truncation from 'double' to 'GLfloat'
C:\Users\Ben\source\repos\Sample2015\Renderer.h(430,23): warning C4305:  'argument': truncation from 'double' to 'GLfloat'
C:\Users\Ben\source\repos\Sample2015\Renderer.h(438,27): warning C4305:  'argument': truncation from 'double' to 'GLfloat'
C:\Users\Ben\source\repos\Sample2015\Renderer.h(446,27): warning C4305:  'argument': truncation from 'double' to 'GLfloat'
C:\Users\Ben\source\repos\Sample2015\Renderer.h(456,24): warning C4305:  'argument': truncation from 'double' to 'GLfloat'
C:\Users\Ben\source\repos\Sample2015\Renderer.h(467,26): warning C4305:  'argument': truncation from 'double' to 'GLfloat'
C:\Users\Ben\source\repos\Sample2015\Renderer.h(475,26): warning C4305:  'argument': truncation from 'double' to 'GLfloat'
C:\Users\Ben\source\repos\Sample2015\Renderer.h(483,27): warning C4305:  'argument': truncation from 'double' to 'GLfloat'
C:\Users\Ben\source\repos\Sample2015\Renderer.h(491,27): warning C4305:  'argument': truncation from 'double' to 'GLfloat'
C:\Users\Ben\source\repos\Sample2015\Renderer.h(501,24): warning C4305:  'argument': truncation from 'double' to 'GLfloat'
C:\Users\Ben\source\repos\Sample2015\Renderer.h(527,27): warning C4305:  'argument': truncation from 'double' to 'GLfloat'
C:\Users\Ben\source\repos\Sample2015\Renderer.h(535,27): warning C4305:  'argument': truncation from 'double' to 'GLfloat'
C:\Users\Ben\source\repos\Sample2015\Renderer.h(545,24): warning C4305:  'argument': truncation from 'double' to 'GLfloat'
C:\Users\Ben\source\repos\Sample2015\Renderer.h(555,26): warning C4305:  'argument': truncation from 'double' to 'GLfloat'
C:\Users\Ben\source\repos\Sample2015\Renderer.h(563,26): warning C4305:  'argument': truncation from 'double' to 'GLfloat'
C:\Users\Ben\source\repos\Sample2015\Renderer.h(571,27): warning C4305:  'argument': truncation from 'double' to 'GLfloat'
C:\Users\Ben\source\repos\Sample2015\Renderer.h(579,27): warning C4305:  'argument': truncation from 'double' to 'GLfloat'
C:\Users\Ben\source\repos\Sample2015\Renderer.h(594,35): warning C4244:  'argument': conversion from 'double' to 'GLfloat', possible loss of data
C:\Users\Ben\source\repos\Sample2015\Renderer.h(597,36): warning C4305:  'argument': truncation from 'double' to 'GLfloat'
C:\Users\Ben\source\repos\Sample2015\Renderer.h(648,21): warning C4305:  'argument': truncation from 'double' to 'GLfloat'
C:\Users\Ben\source\repos\Sample2015\Renderer.h(660,30): warning C4305:  'argument': truncation from 'double' to 'GLfloat'
C:\Users\Ben\source\repos\Sample2015\Renderer.h(661,26): warning C4305:  'argument': truncation from 'double' to 'GLfloat'
C:\Users\Ben\source\repos\Sample2015\Renderer.h(667,29): warning C4305:  'argument': truncation from 'double' to 'GLfloat'
C:\Users\Ben\source\repos\Sample2015\Renderer.h(668,26): warning C4305:  'argument': truncation from 'double' to 'GLfloat'
C:\Users\Ben\source\repos\Sample2015\Renderer.h(674,29): warning C4305:  'argument': truncation from 'double' to 'GLfloat'
C:\Users\Ben\source\repos\Sample2015\Renderer.h(675,26): warning C4305:  'argument': truncation from 'double' to 'GLfloat'
C:\Users\Ben\source\repos\Sample2015\Renderer.h(681,28): warning C4305:  'argument': truncation from 'double' to 'GLfloat'
C:\Users\Ben\source\repos\Sample2015\Renderer.h(682,26): warning C4305:  'argument': truncation from 'double' to 'GLfloat'
C:\Users\Ben\source\repos\Sample2015\Renderer.h(702,32): warning C4305:  'argument': truncation from 'double' to 'GLfloat'
C:\Users\Ben\source\repos\Sample2015\Renderer.h(709,24): warning C4305:  'argument': truncation from 'double' to 'GLfloat'
C:\Users\Ben\source\repos\Sample2015\Renderer.h(728,26): warning C4305:  'argument': truncation from 'double' to 'GLfloat'
C:\Users\Ben\source\repos\Sample2015\Renderer.h(734,24): warning C4305:  'argument': truncation from 'double' to 'GLfloat'
C:\Users\Ben\source\repos\Sample2015\Renderer.h(754,28): warning C4305:  'argument': truncation from 'double' to 'GLfloat'
C:\Users\Ben\source\repos\Sample2015\Renderer.h(768,24): warning C4305:  'argument': truncation from 'double' to 'GLfloat'
C:\Users\Ben\source\repos\Sample2015\Renderer.h(781,27): warning C4305:  'argument': truncation from 'double' to 'GLfloat'
C:\Users\Ben\source\repos\Sample2015\Renderer.h(795,24): warning C4305:  'argument': truncation from 'double' to 'GLfloat'
C:\Users\Ben\source\repos\Sample2015\Renderer.h(807,33): warning C4305:  'argument': truncation from 'double' to 'GLfloat'
C:\Users\Ben\source\repos\Sample2015\Renderer.h(813,24): warning C4305:  'argument': truncation from 'double' to 'GLfloat'
C:\Users\Ben\source\repos\Sample2015\Renderer.h(833,29): warning C4305:  'argument': truncation from 'double' to 'GLfloat'
C:\Users\Ben\source\repos\Sample2015\Renderer.h(839,24): warning C4305:  'argument': truncation from 'double' to 'GLfloat'
C:\Users\Ben\source\repos\Sample2015\Renderer.h(858,32): warning C4305:  'argument': truncation from 'double' to 'GLfloat'
C:\Users\Ben\source\repos\Sample2015\Renderer.h(864,24): warning C4305:  'argument': truncation from 'double' to 'GLfloat'
C:\Users\Ben\source\repos\Sample2015\Renderer.h(921,57): warning C4244:  'argument': conversion from 'double' to 'GLfloat', possible loss of data
C:\Users\Ben\source\repos\Sample2015\Renderer.h(921,39): warning C4244:  'argument': conversion from 'double' to 'GLfloat', possible loss of data
C:\Users\Ben\source\repos\Sample2015\Renderer.h(921,21): warning C4244:  'argument': conversion from 'double' to 'GLfloat', possible loss of data
C:\Users\Ben\source\repos\Sample2015\Renderer.h(938,31): warning C4244:  'argument': conversion from 'double' to 'GLfloat', possible loss of data
C:\Users\Ben\source\repos\Sample2015\Renderer.h(938,36): warning C4305:  'argument': truncation from 'double' to 'GLfloat'
C:\Users\Ben\source\repos\Sample2015\Renderer.h(938,17): warning C4244:  'argument': conversion from 'double' to 'GLfloat', possible loss of data
C:\Users\Ben\source\repos\Sample2015\Renderer.h(941,72): warning C4244:  'argument': conversion from 'double' to 'GLfloat', possible loss of data
C:\Users\Ben\source\repos\Sample2015\Renderer.h(941,50): warning C4244:  'argument': conversion from 'double' to 'GLfloat', possible loss of data
C:\Users\Ben\source\repos\Sample2015\Renderer.h(941,28): warning C4244:  'argument': conversion from 'double' to 'GLfloat', possible loss of data
C:\Users\Ben\source\repos\Sample2015\Renderer.h(959,31): warning C4244:  'argument': conversion from 'int' to 'GLfloat', possible loss of data
C:\Users\Ben\source\repos\Sample2015\Renderer.h(967,42): warning C4244:  'argument': conversion from 'double' to 'GLfloat', possible loss of data
C:\Users\Ben\source\repos\Sample2015\Renderer.h(980,12): warning C4244:  'argument': conversion from 'int' to 'GLfloat', possible loss of data
C:\Users\Ben\source\repos\Sample2015\Renderer.h(981,31): warning C4244:  'argument': conversion from 'int' to 'GLfloat', possible loss of data
C:\Users\Ben\source\repos\Sample2015\Renderer.h(1014,31): warning C4244:  'argument': conversion from 'int' to 'GLfloat', possible loss of data
C:\Users\Ben\source\repos\Sample2015\Renderer.h(1031,19): warning C4244:  'argument': conversion from 'double' to 'GLfloat', possible loss of data
C:\Users\Ben\source\repos\Sample2015\Renderer.h(1047,31): warning C4244:  'argument': conversion from 'int' to 'GLfloat', possible loss of data
C:\Users\Ben\source\repos\Sample2015\Renderer.h(1053,27): warning C4305:  'argument': truncation from 'double' to 'GLfloat'
C:\Users\Ben\source\repos\Sample2015\Renderer.h(1064,75): warning C4244:  'argument': conversion from 'double' to 'GLfloat', possible loss of data
C:\Users\Ben\source\repos\Sample2015\Renderer.h(1064,46): warning C4244:  'argument': conversion from 'double' to 'GLfloat', possible loss of data
C:\Users\Ben\source\repos\Sample2015\Renderer.h(1064,17): warning C4244:  'argument': conversion from 'double' to 'GLfloat', possible loss of data
C:\Users\Ben\source\repos\Sample2015\Renderer.h(1082,31): warning C4244:  'argument': conversion from 'int' to 'GLfloat', possible loss of data
C:\Users\Ben\source\repos\Sample2015\Renderer.h(1083,24): warning C4305:  'argument': truncation from 'double' to 'GLfloat'
C:\Users\Ben\source\repos\Sample2015\Renderer.h(1088,27): warning C4305:  'argument': truncation from 'double' to 'GLfloat'
C:\Users\Ben\source\repos\Sample2015\Renderer.h(1099,75): warning C4244:  'argument': conversion from 'double' to 'GLfloat', possible loss of data
C:\Users\Ben\source\repos\Sample2015\Renderer.h(1099,46): warning C4244:  'argument': conversion from 'double' to 'GLfloat', possible loss of data
C:\Users\Ben\source\repos\Sample2015\Renderer.h(1099,17): warning C4244:  'argument': conversion from 'double' to 'GLfloat', possible loss of data
C:\Users\Ben\source\repos\Sample2015\Renderer.h(1123,19): warning C4244:  'argument': conversion from 'double' to 'GLfloat', possible loss of data
C:\Users\Ben\source\repos\Sample2015\Renderer.h(1136,25): warning C4305:  'argument': truncation from 'double' to 'GLfloat'
C:\Users\Ben\source\repos\Sample2015\Renderer.h(1178,26): warning C4305:  'argument': truncation from 'double' to 'GLfloat'
C:\Users\Ben\source\repos\Sample2015\Renderer.h(1183,121): warning C4305:  'argument': truncation from 'double' to 'GLfloat'
C:\Users\Ben\source\repos\Sample2015\Renderer.h(1184,127): warning C4305:  'argument': truncation from 'double' to 'GLfloat'
C:\Users\Ben\source\repos\Sample2015\Renderer.h(1185,133): warning C4305:  'argument': truncation from 'double' to 'GLfloat'
C:\Users\Ben\source\repos\Sample2015\Renderer.h(1186,127): warning C4305:  'argument': truncation from 'double' to 'GLfloat'
C:\Users\Ben\source\repos\Sample2015\Renderer.h(1205,42): warning C4244:  'argument': conversion from 'double' to 'float', possible loss of data
C:\Users\Ben\source\repos\Sample2015\Renderer.h(1207,42): warning C4244:  'argument': conversion from 'double' to 'float', possible loss of data
C:\Users\Ben\source\repos\Sample2015\Renderer.h(1209,56): warning C4244:  'argument': conversion from 'double' to 'float', possible loss of data
C:\Users\Ben\source\repos\Sample2015\Renderer.h(1211,55): warning C4244:  'argument': conversion from 'double' to 'float', possible loss of data
C:\Users\Ben\source\repos\Sample2015\Renderer.h(1271,101): warning C4244:  'argument': conversion from 'float' to 'int', possible loss of data
C:\Users\Ben\source\repos\Sample2015\Renderer.h(1282,101): warning C4244:  'argument': conversion from 'float' to 'int', possible loss of data
C:\Users\Ben\source\repos\Sample2015\Renderer.h(1429,26): warning C4305:  'argument': truncation from 'double' to 'GLfloat'
C:\Users\Ben\source\repos\Sample2015\Renderer.h(1434,121): warning C4305:  'argument': truncation from 'double' to 'GLfloat'
C:\Users\Ben\source\repos\Sample2015\Renderer.h(1435,127): warning C4305:  'argument': truncation from 'double' to 'GLfloat'
C:\Users\Ben\source\repos\Sample2015\Renderer.h(1436,133): warning C4305:  'argument': truncation from 'double' to 'GLfloat'
C:\Users\Ben\source\repos\Sample2015\Renderer.h(1437,127): warning C4305:  'argument': truncation from 'double' to 'GLfloat'
C:\Users\Ben\source\repos\Sample2015\Renderer.h(1456,42): warning C4244:  'argument': conversion from 'double' to 'float', possible loss of data
C:\Users\Ben\source\repos\Sample2015\Renderer.h(1458,42): warning C4244:  'argument': conversion from 'double' to 'float', possible loss of data
C:\Users\Ben\source\repos\Sample2015\Renderer.h(1460,56): warning C4244:  'argument': conversion from 'double' to 'float', possible loss of data
C:\Users\Ben\source\repos\Sample2015\Renderer.h(1462,55): warning C4244:  'argument': conversion from 'double' to 'float', possible loss of data
C:\Users\Ben\source\repos\Sample2015\Renderer.h(1522,101): warning C4244:  'argument': conversion from 'float' to 'int', possible loss of data
C:\Users\Ben\source\repos\Sample2015\Renderer.h(1533,101): warning C4244:  'argument': conversion from 'float' to 'int', possible loss of data
C:\Users\Ben\source\repos\Sample2015\Renderer.h(1681,26): warning C4305:  'argument': truncation from 'double' to 'GLfloat'
C:\Users\Ben\source\repos\Sample2015\Renderer.h(1686,93): warning C4305:  'argument': truncation from 'double' to 'GLfloat'
C:\Users\Ben\source\repos\Sample2015\Renderer.h(1687,99): warning C4305:  'argument': truncation from 'double' to 'GLfloat'
C:\Users\Ben\source\repos\Sample2015\Renderer.h(1688,105): warning C4305:  'argument': truncation from 'double' to 'GLfloat'
C:\Users\Ben\source\repos\Sample2015\Renderer.h(1689,99): warning C4305:  'argument': truncation from 'double' to 'GLfloat'
C:\Users\Ben\source\repos\Sample2015\Renderer.h(1708,42): warning C4244:  'argument': conversion from 'double' to 'float', possible loss of data
C:\Users\Ben\source\repos\Sample2015\Renderer.h(1710,42): warning C4244:  'argument': conversion from 'double' to 'float', possible loss of data
C:\Users\Ben\source\repos\Sample2015\Renderer.h(1712,56): warning C4244:  'argument': conversion from 'double' to 'float', possible loss of data
C:\Users\Ben\source\repos\Sample2015\Renderer.h(1714,55): warning C4244:  'argument': conversion from 'double' to 'float', possible loss of data
C:\Users\Ben\source\repos\Sample2015\Renderer.h(1774,101): warning C4244:  'argument': conversion from 'float' to 'int', possible loss of data
C:\Users\Ben\source\repos\Sample2015\Renderer.h(1785,101): warning C4244:  'argument': conversion from 'float' to 'int', possible loss of data
C:\Users\Ben\source\repos\Sample2015\Renderer.h(1813,26): warning C4305:  'argument': truncation from 'double' to 'GLfloat'
C:\Users\Ben\source\repos\Sample2015\Renderer.h(1818,121): warning C4305:  'argument': truncation from 'double' to 'GLfloat'
C:\Users\Ben\source\repos\Sample2015\Renderer.h(1819,127): warning C4305:  'argument': truncation from 'double' to 'GLfloat'
C:\Users\Ben\source\repos\Sample2015\Renderer.h(1820,133): warning C4305:  'argument': truncation from 'double' to 'GLfloat'
C:\Users\Ben\source\repos\Sample2015\Renderer.h(1821,127): warning C4305:  'argument': truncation from 'double' to 'GLfloat'
C:\Users\Ben\source\repos\Sample2015\Renderer.h(1840,42): warning C4244:  'argument': conversion from 'double' to 'float', possible loss of data
C:\Users\Ben\source\repos\Sample2015\Renderer.h(1842,42): warning C4244:  'argument': conversion from 'double' to 'float', possible loss of data
C:\Users\Ben\source\repos\Sample2015\Renderer.h(1844,56): warning C4244:  'argument': conversion from 'double' to 'float', possible loss of data
C:\Users\Ben\source\repos\Sample2015\Renderer.h(1846,55): warning C4244:  'argument': conversion from 'double' to 'float', possible loss of data
C:\Users\Ben\source\repos\Sample2015\Renderer.h(1906,101): warning C4244:  'argument': conversion from 'float' to 'int', possible loss of data
C:\Users\Ben\source\repos\Sample2015\Renderer.h(1917,101): warning C4244:  'argument': conversion from 'float' to 'int', possible loss of data
C:\Users\Ben\source\repos\Sample2015\Renderer.h(1947,26): warning C4305:  'argument': truncation from 'double' to 'GLfloat'
C:\Users\Ben\source\repos\Sample2015\Renderer.h(1952,121): warning C4305:  'argument': truncation from 'double' to 'GLfloat'
C:\Users\Ben\source\repos\Sample2015\Renderer.h(1953,127): warning C4305:  'argument': truncation from 'double' to 'GLfloat'
C:\Users\Ben\source\repos\Sample2015\Renderer.h(1954,133): warning C4305:  'argument': truncation from 'double' to 'GLfloat'
C:\Users\Ben\source\repos\Sample2015\Renderer.h(1955,127): warning C4305:  'argument': truncation from 'double' to 'GLfloat'
C:\Users\Ben\source\repos\Sample2015\Renderer.h(1974,42): warning C4244:  'argument': conversion from 'double' to 'float', possible loss of data
C:\Users\Ben\source\repos\Sample2015\Renderer.h(1976,42): warning C4244:  'argument': conversion from 'double' to 'float', possible loss of data
C:\Users\Ben\source\repos\Sample2015\Renderer.h(1978,56): warning C4244:  'argument': conversion from 'double' to 'float', possible loss of data
C:\Users\Ben\source\repos\Sample2015\Renderer.h(1980,55): warning C4244:  'argument': conversion from 'double' to 'float', possible loss of data
C:\Users\Ben\source\repos\Sample2015\Renderer.h(2040,101): warning C4244:  'argument': conversion from 'float' to 'int', possible loss of data
C:\Users\Ben\source\repos\Sample2015\Renderer.h(2051,101): warning C4244:  'argument': conversion from 'float' to 'int', possible loss of data
C:\Users\Ben\source\repos\Sample2015\Renderer.h(2197,26): warning C4305:  'argument': truncation from 'double' to 'GLfloat'
C:\Users\Ben\source\repos\Sample2015\Renderer.h(2202,121): warning C4305:  'argument': truncation from 'double' to 'GLfloat'
C:\Users\Ben\source\repos\Sample2015\Renderer.h(2203,127): warning C4305:  'argument': truncation from 'double' to 'GLfloat'
C:\Users\Ben\source\repos\Sample2015\Renderer.h(2204,133): warning C4305:  'argument': truncation from 'double' to 'GLfloat'
C:\Users\Ben\source\repos\Sample2015\Renderer.h(2205,127): warning C4305:  'argument': truncation from 'double' to 'GLfloat'
C:\Users\Ben\source\repos\Sample2015\Renderer.h(2224,42): warning C4244:  'argument': conversion from 'double' to 'float', possible loss of data
C:\Users\Ben\source\repos\Sample2015\Renderer.h(2226,42): warning C4244:  'argument': conversion from 'double' to 'float', possible loss of data
C:\Users\Ben\source\repos\Sample2015\Renderer.h(2228,56): warning C4244:  'argument': conversion from 'double' to 'float', possible loss of data
C:\Users\Ben\source\repos\Sample2015\Renderer.h(2230,55): warning C4244:  'argument': conversion from 'double' to 'float', possible loss of data
C:\Users\Ben\source\repos\Sample2015\Renderer.h(2290,101): warning C4244:  'argument': conversion from 'float' to 'int', possible loss of data
C:\Users\Ben\source\repos\Sample2015\Renderer.h(2301,101): warning C4244:  'argument': conversion from 'float' to 'int', possible loss of data
C:\Users\Ben\source\repos\Sample2015\Renderer.h(2371,26): warning C4305:  'argument': truncation from 'double' to 'GLfloat'
C:\Users\Ben\source\repos\Sample2015\Renderer.h(2376,121): warning C4305:  'argument': truncation from 'double' to 'GLfloat'
C:\Users\Ben\source\repos\Sample2015\Renderer.h(2377,127): warning C4305:  'argument': truncation from 'double' to 'GLfloat'
C:\Users\Ben\source\repos\Sample2015\Renderer.h(2378,133): warning C4305:  'argument': truncation from 'double' to 'GLfloat'
C:\Users\Ben\source\repos\Sample2015\Renderer.h(2379,127): warning C4305:  'argument': truncation from 'double' to 'GLfloat'
C:\Users\Ben\source\repos\Sample2015\Renderer.h(2398,42): warning C4244:  'argument': conversion from 'double' to 'float', possible loss of data
C:\Users\Ben\source\repos\Sample2015\Renderer.h(2400,42): warning C4244:  'argument': conversion from 'double' to 'float', possible loss of data
C:\Users\Ben\source\repos\Sample2015\Renderer.h(2402,56): warning C4244:  'argument': conversion from 'double' to 'float', possible loss of data
C:\Users\Ben\source\repos\Sample2015\Renderer.h(2404,55): warning C4244:  'argument': conversion from 'double' to 'float', possible loss of data
C:\Users\Ben\source\repos\Sample2015\Renderer.h(2464,101): warning C4244:  'argument': conversion from 'float' to 'int', possible loss of data
C:\Users\Ben\source\repos\Sample2015\Renderer.h(2475,101): warning C4244:  'argument': conversion from 'float' to 'int', possible loss of data
C:\Users\Ben\source\repos\Sample2015\Renderer.h(2544,26): warning C4305:  'argument': truncation from 'double' to 'GLfloat'
C:\Users\Ben\source\repos\Sample2015\Renderer.h(2549,121): warning C4305:  'argument': truncation from 'double' to 'GLfloat'
C:\Users\Ben\source\repos\Sample2015\Renderer.h(2550,127): warning C4305:  'argument': truncation from 'double' to 'GLfloat'
C:\Users\Ben\source\repos\Sample2015\Renderer.h(2551,133): warning C4305:  'argument': truncation from 'double' to 'GLfloat'
C:\Users\Ben\source\repos\Sample2015\Renderer.h(2552,127): warning C4305:  'argument': truncation from 'double' to 'GLfloat'
C:\Users\Ben\source\repos\Sample2015\Renderer.h(2571,42): warning C4244:  'argument': conversion from 'double' to 'float', possible loss of data
C:\Users\Ben\source\repos\Sample2015\Renderer.h(2573,42): warning C4244:  'argument': conversion from 'double' to 'float', possible loss of data
C:\Users\Ben\source\repos\Sample2015\Renderer.h(2575,56): warning C4244:  'argument': conversion from 'double' to 'float', possible loss of data
C:\Users\Ben\source\repos\Sample2015\Renderer.h(2577,55): warning C4244:  'argument': conversion from 'double' to 'float', possible loss of data
C:\Users\Ben\source\repos\Sample2015\Renderer.h(2637,101): warning C4244:  'argument': conversion from 'float' to 'int', possible loss of data
C:\Users\Ben\source\repos\Sample2015\Renderer.h(2648,101): warning C4244:  'argument': conversion from 'float' to 'int', possible loss of data
C:\Users\Ben\source\repos\Sample2015\Renderer.h(2724,19): warning C4244:  'argument': conversion from 'int' to 'float', possible loss of data
C:\Users\Ben\source\repos\Sample2015\Renderer.h(2725,21): warning C4244:  'argument': conversion from 'int' to 'float', possible loss of data
C:\Users\Ben\source\repos\Sample2015\Renderer.h(2726,21): warning C4244:  'argument': conversion from 'int' to 'float', possible loss of data
C:\Users\Ben\source\repos\Sample2015\Renderer.h(2727,21): warning C4244:  'argument': conversion from 'int' to 'float', possible loss of data
C:\Users\Ben\source\repos\Sample2015\Renderer.h(2728,21): warning C4244:  'argument': conversion from 'int' to 'float', possible loss of data
C:\Users\Ben\source\repos\Sample2015\Renderer.h(2729,21): warning C4244:  'argument': conversion from 'int' to 'float', possible loss of data
C:\Users\Ben\source\repos\Sample2015\Renderer.h(2731,22): warning C4244:  'argument': conversion from 'int' to 'float', possible loss of data
C:\Users\Ben\source\repos\Sample2015\Renderer.h(2780,24): warning C4244:  'argument': conversion from 'int' to 'float', possible loss of data
C:\Users\Ben\source\repos\Sample2015\Renderer.h(2788,24): warning C4244:  'argument': conversion from 'int' to 'float', possible loss of data
C:\Users\Ben\source\repos\Sample2015\Renderer.h(2796,24): warning C4244:  'argument': conversion from 'int' to 'float', possible loss of data
C:\Users\Ben\source\repos\Sample2015\Renderer.h(2804,24): warning C4244:  'argument': conversion from 'int' to 'float', possible loss of data
C:\Users\Ben\source\repos\Sample2015\Renderer.h(2812,24): warning C4244:  'argument': conversion from 'int' to 'float', possible loss of data
C:\Users\Ben\source\repos\Sample2015\Renderer.h(2834,19): warning C4244:  'argument': conversion from 'int' to 'float', possible loss of data
C:\Users\Ben\source\repos\Sample2015\Renderer.h(2836,22): warning C4244:  'argument': conversion from 'int' to 'float', possible loss of data
C:\Users\Ben\source\repos\Sample2015\Renderer.h(2869,19): warning C4244:  'argument': conversion from 'int' to 'float', possible loss of data
C:\Users\Ben\source\repos\Sample2015\Renderer.h(2871,22): warning C4244:  'argument': conversion from 'int' to 'float', possible loss of data
C:\Users\Ben\source\repos\Sample2015\Renderer.h(2902,19): warning C4244:  'argument': conversion from 'int' to 'float', possible loss of data
C:\Users\Ben\source\repos\Sample2015\Renderer.h(2903,21): warning C4244:  'argument': conversion from 'int' to 'float', possible loss of data
C:\Users\Ben\source\repos\Sample2015\Renderer.h(2904,21): warning C4244:  'argument': conversion from 'int' to 'float', possible loss of data
C:\Users\Ben\source\repos\Sample2015\Renderer.h(2905,21): warning C4244:  'argument': conversion from 'int' to 'float', possible loss of data
C:\Users\Ben\source\repos\Sample2015\Renderer.h(2906,21): warning C4244:  'argument': conversion from 'int' to 'float', possible loss of data
C:\Users\Ben\source\repos\Sample2015\Renderer.h(2907,21): warning C4244:  'argument': conversion from 'int' to 'float', possible loss of data
C:\Users\Ben\source\repos\Sample2015\Renderer.h(2908,21): warning C4244:  'argument': conversion from 'int' to 'float', possible loss of data
C:\Users\Ben\source\repos\Sample2015\Renderer.h(2909,21): warning C4244:  'argument': conversion from 'int' to 'float', possible loss of data
C:\Users\Ben\source\repos\Sample2015\Renderer.h(2910,21): warning C4244:  'argument': conversion from 'int' to 'float', possible loss of data
C:\Users\Ben\source\repos\Sample2015\Renderer.h(2911,21): warning C4244:  'argument': conversion from 'int' to 'float', possible loss of data
C:\Users\Ben\source\repos\Sample2015\Renderer.h(2912,21): warning C4244:  'argument': conversion from 'int' to 'float', possible loss of data
C:\Users\Ben\source\repos\Sample2015\Renderer.h(2914,22): warning C4244:  'argument': conversion from 'int' to 'float', possible loss of data
C:\Users\Ben\source\repos\Sample2015\Renderer.h(2916,24): warning C4244:  'argument': conversion from 'int' to 'float', possible loss of data
C:\Users\Ben\source\repos\Sample2015\Renderer.h(2943,24): warning C4244:  'argument': conversion from 'int' to 'float', possible loss of data
C:\Users\Ben\source\repos\Sample2015\Renderer.h(2962,24): warning C4244:  'argument': conversion from 'int' to 'float', possible loss of data
C:\Users\Ben\source\repos\Sample2015\Renderer.h(2981,24): warning C4244:  'argument': conversion from 'int' to 'float', possible loss of data
C:\Users\Ben\source\repos\Sample2015\Renderer.h(3000,24): warning C4244:  'argument': conversion from 'int' to 'float', possible loss of data
C:\Users\Ben\source\repos\Sample2015\Renderer.h(3019,24): warning C4244:  'argument': conversion from 'int' to 'float', possible loss of data
C:\Users\Ben\source\repos\Sample2015\Renderer.h(3038,24): warning C4244:  'argument': conversion from 'int' to 'float', possible loss of data
C:\Users\Ben\source\repos\Sample2015\Renderer.h(3057,24): warning C4244:  'argument': conversion from 'int' to 'float', possible loss of data
C:\Users\Ben\source\repos\Sample2015\Renderer.h(3076,24): warning C4244:  'argument': conversion from 'int' to 'float', possible loss of data
C:\Users\Ben\source\repos\Sample2015\Renderer.h(3095,24): warning C4244:  'argument': conversion from 'int' to 'float', possible loss of data
C:\Users\Ben\source\repos\Sample2015\Renderer.h(3114,24): warning C4244:  'argument': conversion from 'int' to 'float', possible loss of data
C:\Users\Ben\source\repos\Sample2015\Renderer.h(3242,19): warning C4244:  'argument': conversion from 'int' to 'float', possible loss of data
C:\Users\Ben\source\repos\Sample2015\Renderer.h(3243,21): warning C4244:  'argument': conversion from 'int' to 'float', possible loss of data
C:\Users\Ben\source\repos\Sample2015\Renderer.h(3244,21): warning C4244:  'argument': conversion from 'int' to 'float', possible loss of data
C:\Users\Ben\source\repos\Sample2015\Renderer.h(3245,21): warning C4244:  'argument': conversion from 'int' to 'float', possible loss of data
C:\Users\Ben\source\repos\Sample2015\Renderer.h(3246,21): warning C4244:  'argument': conversion from 'int' to 'float', possible loss of data
C:\Users\Ben\source\repos\Sample2015\Renderer.h(3247,21): warning C4244:  'argument': conversion from 'int' to 'float', possible loss of data
C:\Users\Ben\source\repos\Sample2015\Renderer.h(3249,22): warning C4244:  'argument': conversion from 'int' to 'float', possible loss of data
C:\Users\Ben\source\repos\Sample2015\Renderer.h(3267,24): warning C4244:  'argument': conversion from 'int' to 'float', possible loss of data
C:\Users\Ben\source\repos\Sample2015\Renderer.h(3279,24): warning C4244:  'argument': conversion from 'int' to 'float', possible loss of data
C:\Users\Ben\source\repos\Sample2015\Renderer.h(3292,24): warning C4244:  'argument': conversion from 'int' to 'float', possible loss of data
C:\Users\Ben\source\repos\Sample2015\Renderer.h(3336,19): warning C4244:  'argument': conversion from 'int' to 'float', possible loss of data
C:\Users\Ben\source\repos\Sample2015\Renderer.h(3338,22): warning C4244:  'argument': conversion from 'int' to 'float', possible loss of data
C:\Users\Ben\source\repos\Sample2015\Renderer.h(3372,19): warning C4244:  'argument': conversion from 'int' to 'float', possible loss of data
C:\Users\Ben\source\repos\Sample2015\Renderer.h(3374,22): warning C4244:  'argument': conversion from 'int' to 'float', possible loss of data
C:\Users\Ben\source\repos\Sample2015\Renderer.h(3422,30): warning C4305:  'argument': truncation from 'double' to 'GLfloat'
C:\Users\Ben\source\repos\Sample2015\Renderer.h(3425,26): warning C4305:  'argument': truncation from 'double' to 'GLfloat'
C:\Users\Ben\source\repos\Sample2015\Renderer.h(3449,30): warning C4305:  'argument': truncation from 'double' to 'GLfloat'
C:\Users\Ben\source\repos\Sample2015\Renderer.h(3452,26): warning C4305:  'argument': truncation from 'double' to 'GLfloat'
C:\Users\Ben\source\repos\Sample2015\Renderer.h(3486,28): warning C4305:  'argument': truncation from 'double' to 'GLfloat'
C:\Users\Ben\source\repos\Sample2015\Renderer.h(3489,24): warning C4305:  'argument': truncation from 'double' to 'GLfloat'
C:\Users\Ben\source\repos\Sample2015\Renderer.h(3520,28): warning C4305:  'argument': truncation from 'double' to 'GLfloat'
C:\Users\Ben\source\repos\Sample2015\Renderer.h(3523,24): warning C4305:  'argument': truncation from 'double' to 'GLfloat'
C:\Users\Ben\source\repos\Sample2015\Renderer.h(3568,28): warning C4305:  'argument': truncation from 'double' to 'GLfloat'
C:\Users\Ben\source\repos\Sample2015\Renderer.h(3571,24): warning C4305:  'argument': truncation from 'double' to 'GLfloat'
C:\Users\Ben\source\repos\Sample2015\Renderer.h(3588,28): warning C4305:  'argument': truncation from 'double' to 'GLfloat'
C:\Users\Ben\source\repos\Sample2015\Renderer.h(3591,24): warning C4305:  'argument': truncation from 'double' to 'GLfloat'
C:\Users\Ben\source\repos\Sample2015\sample.cpp(58,1): warning C4007:  'WinMain': must be '__stdcall'
C:\Users\Ben\source\repos\Sample2015\sample.cpp(87,12): warning C4244:  'argument': conversion from 'time_t' to 'unsigned int', possible loss of data
C:\Users\Ben\source\repos\Sample2015\sample.cpp(170,19): warning C4244:  'initializing': conversion from 'time_t' to 'int', possible loss of data
C:\Users\Ben\source\repos\Sample2015\sample.cpp(191,37): warning C4305:  '=': truncation from 'double' to 'float'
C:\Users\Ben\source\repos\Sample2015\sample.cpp(192,42): warning C4244:  '=': conversion from 'int' to 'float', possible loss of data
C:\Users\Ben\source\repos\Sample2015\sample.cpp(215,37): warning C4305:  '=': truncation from 'double' to 'float'
C:\Users\Ben\source\repos\Sample2015\sample.cpp(216,42): warning C4244:  '=': conversion from 'int' to 'float', possible loss of data
C:\Users\Ben\source\repos\Sample2015\sample.cpp(394,106): warning C4244:  'argument': conversion from 'double' to 'float', possible loss of data
C:\Users\Ben\source\repos\Sample2015\sample.cpp(395,107): warning C4244:  'argument': conversion from 'double' to 'float', possible loss of data
C:\Users\Ben\source\repos\Sample2015\sample.cpp(396,108): warning C4244:  'argument': conversion from 'double' to 'float', possible loss of data
C:\Users\Ben\source\repos\Sample2015\sample.cpp(397,108): warning C4244:  'argument': conversion from 'double' to 'float', possible loss of data
C:\Users\Ben\source\repos\Sample2015\sample.cpp(398,108): warning C4244:  'argument': conversion from 'double' to 'float', possible loss of data
C:\Users\Ben\source\repos\Sample2015\sample.cpp(399,108): warning C4244:  'argument': conversion from 'double' to 'float', possible loss of data
C:\Users\Ben\source\repos\Sample2015\sample.cpp(410,106): warning C4244:  'argument': conversion from 'double' to 'float', possible loss of data
C:\Users\Ben\source\repos\Sample2015\sample.cpp(411,107): warning C4244:  'argument': conversion from 'double' to 'float', possible loss of data
C:\Users\Ben\source\repos\Sample2015\sample.cpp(412,108): warning C4244:  'argument': conversion from 'double' to 'float', possible loss of data
C:\Users\Ben\source\repos\Sample2015\sample.cpp(413,108): warning C4244:  'argument': conversion from 'double' to 'float', possible loss of data
C:\Users\Ben\source\repos\Sample2015\sample.cpp(414,108): warning C4244:  'argument': conversion from 'double' to 'float', possible loss of data
C:\Users\Ben\source\repos\Sample2015\sample.cpp(415,108): warning C4244:  'argument': conversion from 'double' to 'float', possible loss of data
C:\Users\Ben\source\repos\Sample2015\sample.cpp(436,102): warning C4244:  'argument': conversion from 'double' to 'float', possible loss of data
C:\Users\Ben\source\repos\Sample2015\sample.cpp(437,103): warning C4244:  'argument': conversion from 'double' to 'float', possible loss of data
C:\Users\Ben\source\repos\Sample2015\sample.cpp(438,104): warning C4244:  'argument': conversion from 'double' to 'float', possible loss of data
C:\Users\Ben\source\repos\Sample2015\sample.cpp(439,104): warning C4244:  'argument': conversion from 'double' to 'float', possible loss of data
C:\Users\Ben\source\repos\Sample2015\sample.cpp(440,104): warning C4244:  'argument': conversion from 'double' to 'float', possible loss of data
C:\Users\Ben\source\repos\Sample2015\sample.cpp(441,104): warning C4244:  'argument': conversion from 'double' to 'float', possible loss of data
C:\Users\Ben\source\repos\Sample2015\sample.cpp(452,102): warning C4244:  'argument': conversion from 'double' to 'float', possible loss of data
C:\Users\Ben\source\repos\Sample2015\sample.cpp(453,103): warning C4244:  'argument': conversion from 'double' to 'float', possible loss of data
C:\Users\Ben\source\repos\Sample2015\sample.cpp(454,104): warning C4244:  'argument': conversion from 'double' to 'float', possible loss of data
C:\Users\Ben\source\repos\Sample2015\sample.cpp(455,104): warning C4244:  'argument': conversion from 'double' to 'float', possible loss of data
C:\Users\Ben\source\repos\Sample2015\sample.cpp(456,104): warning C4244:  'argument': conversion from 'double' to 'float', possible loss of data
C:\Users\Ben\source\repos\Sample2015\sample.cpp(457,104): warning C4244:  'argument': conversion from 'double' to 'float', possible loss of data
C:\Users\Ben\source\repos\Sample2015\sample.cpp(495,29): warning C4305:  'argument': truncation from 'double' to 'GLfloat'
C:\Users\Ben\source\repos\Sample2015\sample.cpp(498,25): warning C4305:  'argument': truncation from 'double' to 'GLfloat'
C:\Users\Ben\source\repos\Sample2015\sample.cpp(517,29): warning C4305:  'argument': truncation from 'double' to 'GLfloat'
C:\Users\Ben\source\repos\Sample2015\sample.cpp(520,25): warning C4305:  'argument': truncation from 'double' to 'GLfloat'
C:\Users\Ben\source\repos\Sample2015\sample.cpp(573,29): warning C4305:  'argument': truncation from 'double' to 'GLfloat'
C:\Users\Ben\source\repos\Sample2015\sample.cpp(576,25): warning C4305:  'argument': truncation from 'double' to 'GLfloat'
C:\Users\Ben\source\repos\Sample2015\sample.cpp(583,42): warning C4244:  'argument': conversion from 'int' to 'GLfloat', possible loss of data
C:\Users\Ben\source\repos\Sample2015\sample.cpp(595,29): warning C4305:  'argument': truncation from 'double' to 'GLfloat'
C:\Users\Ben\source\repos\Sample2015\sample.cpp(598,25): warning C4305:  'argument': truncation from 'double' to 'GLfloat'
C:\Users\Ben\source\repos\Sample2015\sample.cpp(602,41): warning C4244:  'argument': conversion from 'int' to 'GLfloat', possible loss of data
C:\Users\Ben\source\repos\Sample2015\sample.cpp(609,39): warning C4244:  'argument': conversion from 'int' to 'float', possible loss of data
C:\Users\Ben\source\repos\Sample2015\sample.cpp(611,38): warning C4244:  'argument': conversion from 'int' to 'float', possible loss of data
C:\Users\Ben\source\repos\Sample2015\sample.cpp(620,39): warning C4244:  'argument': conversion from 'int' to 'float', possible loss of data
C:\Users\Ben\source\repos\Sample2015\sample.cpp(622,38): warning C4244:  'argument': conversion from 'int' to 'float', possible loss of data
C:\Users\Ben\source\repos\Sample2015\sample.cpp(719,42): warning C4244:  'argument': conversion from 'double' to 'float', possible loss of data
C:\Users\Ben\source\repos\Sample2015\sample.cpp(721,42): warning C4244:  'argument': conversion from 'double' to 'float', possible loss of data
C:\Users\Ben\source\repos\Sample2015\sample.cpp(723,56): warning C4244:  'argument': conversion from 'double' to 'float', possible loss of data
C:\Users\Ben\source\repos\Sample2015\sample.cpp(725,55): warning C4244:  'argument': conversion from 'double' to 'float', possible loss of data
C:\Users\Ben\source\repos\Sample2015\sample.cpp(788,101): warning C4244:  'argument': conversion from 'float' to 'int', possible loss of data
C:\Users\Ben\source\repos\Sample2015\sample.cpp(799,101): warning C4244:  'argument': conversion from 'float' to 'int', possible loss of data
C:\Users\Ben\source\repos\Sample2015\sample.cpp(824,151): warning C4305:  'argument': truncation from 'double' to 'float'
C:\Users\Ben\source\repos\Sample2015\sample.cpp(834,151): warning C4305:  'argument': truncation from 'double' to 'float'
C:\Users\Ben\source\repos\Sample2015\sample.cpp(941,122): warning C4244:  'argument': conversion from 'double' to 'float', possible loss of data
C:\Users\Ben\source\repos\Sample2015\sample.cpp(941,27): warning C4244:  'argument': conversion from 'double' to 'float', possible loss of data
C:\Users\Ben\source\repos\Sample2015\sample.cpp(951,122): warning C4244:  'argument': conversion from 'double' to 'float', possible loss of data
C:\Users\Ben\source\repos\Sample2015\sample.cpp(951,27): warning C4244:  'argument': conversion from 'double' to 'float', possible loss of data
C:\Users\Ben\source\repos\Sample2015\sample.cpp(964,138): warning C4244:  '-=': conversion from 'double' to 'float', possible loss of data
C:\Users\Ben\source\repos\Sample2015\sample.cpp(1025,144): warning C4244:  '-=': conversion from 'double' to 'float', possible loss of data
C:\Users\Ben\source\repos\Sample2015\sample.cpp(1091,48): warning C4244:  'argument': conversion from 'double' to 'float', possible loss of data
C:\Users\Ben\source\repos\Sample2015\sample.cpp(1090,48): warning C4244:  'argument': conversion from 'double' to 'float', possible loss of data
C:\Users\Ben\source\repos\Sample2015\sample.cpp(1103,49): warning C4244:  'argument': conversion from 'double' to 'float', possible loss of data
C:\Users\Ben\source\repos\Sample2015\sample.cpp(1102,48): warning C4244:  'argument': conversion from 'double' to 'float', possible loss of data
C:\Users\Ben\source\repos\Sample2015\sample.cpp(1165,38): warning C4305:  '=': truncation from 'double' to 'float'
C:\Users\Ben\source\repos\Sample2015\sample.cpp(1166,43): warning C4244:  '=': conversion from 'int' to 'float', possible loss of data
C:\Users\Ben\source\repos\Sample2015\sample.cpp(1182,128): warning C4244:  'argument': conversion from 'double' to 'float', possible loss of data
C:\Users\Ben\source\repos\Sample2015\sample.cpp(1182,29): warning C4244:  'argument': conversion from 'double' to 'float', possible loss of data
C:\Users\Ben\source\repos\Sample2015\sample.cpp(1194,46): warning C4244:  '=': conversion from 'double' to 'float', possible loss of data
C:\Users\Ben\source\repos\Sample2015\sample.cpp(1195,46): warning C4244:  '=': conversion from 'double' to 'float', possible loss of data
C:\Users\Ben\source\repos\Sample2015\sample.cpp(1196,36): warning C4305:  '=': truncation from 'double' to 'float'
C:\Users\Ben\source\repos\Sample2015\sample.cpp(1197,41): warning C4244:  '=': conversion from 'int' to 'float', possible loss of data
C:\Users\Ben\source\repos\Sample2015\sample.cpp(1203,142): warning C4244:  '-=': conversion from 'double' to 'float', possible loss of data
C:\Users\Ben\source\repos\Sample2015\sample.cpp(1265,48): warning C4244:  '=': conversion from 'double' to 'float', possible loss of data
C:\Users\Ben\source\repos\Sample2015\sample.cpp(1266,48): warning C4244:  '=': conversion from 'double' to 'float', possible loss of data
C:\Users\Ben\source\repos\Sample2015\sample.cpp(1267,36): warning C4305:  '=': truncation from 'double' to 'float'
C:\Users\Ben\source\repos\Sample2015\sample.cpp(1268,41): warning C4244:  '=': conversion from 'int' to 'float', possible loss of data
C:\Users\Ben\source\repos\Sample2015\sample.cpp(1274,148): warning C4244:  '-=': conversion from 'double' to 'float', possible loss of data
C:\Users\Ben\source\repos\Sample2015\sample.cpp(1340,50): warning C4244:  'argument': conversion from 'double' to 'float', possible loss of data
C:\Users\Ben\source\repos\Sample2015\sample.cpp(1339,50): warning C4244:  'argument': conversion from 'double' to 'float', possible loss of data
C:\Users\Ben\source\repos\Sample2015\sample.cpp(1354,51): warning C4244:  'argument': conversion from 'double' to 'float', possible loss of data
C:\Users\Ben\source\repos\Sample2015\sample.cpp(1353,49): warning C4244:  'argument': conversion from 'double' to 'float', possible loss of data
C:\Users\Ben\source\repos\Sample2015\sample.cpp(1367,65): warning C4244:  '=': conversion from 'double' to 'float', possible loss of data
C:\Users\Ben\source\repos\Sample2015\sample.cpp(1368,65): warning C4244:  '=': conversion from 'double' to 'float', possible loss of data
C:\Users\Ben\source\repos\Sample2015\sample.cpp(1369,37): warning C4305:  '=': truncation from 'double' to 'float'
C:\Users\Ben\source\repos\Sample2015\sample.cpp(1370,42): warning C4244:  '=': conversion from 'int' to 'float', possible loss of data
C:\Users\Ben\source\repos\Sample2015\sample.cpp(1947,25): warning C4305:  'argument': truncation from 'double' to 'GLfloat'
C:\Users\Ben\source\repos\Sample2015\sample.cpp(1952,88): warning C4305:  'argument': truncation from 'double' to 'GLfloat'
C:\Users\Ben\source\repos\Sample2015\sample.cpp(1953,94): warning C4305:  'argument': truncation from 'double' to 'GLfloat'
C:\Users\Ben\source\repos\Sample2015\sample.cpp(1954,100): warning C4305:  'argument': truncation from 'double' to 'GLfloat'
C:\Users\Ben\source\repos\Sample2015\sample.cpp(1955,94): warning C4305:  'argument': truncation from 'double' to 'GLfloat'
C:\Users\Ben\source\repos\Sample2015\sample.cpp(2690,35): warning C4305:  '=': truncation from 'double' to 'float'
C:\Users\Ben\source\repos\Sample2015\sample.cpp(2691,40): warning C4244:  '=': conversion from 'int' to 'float', possible loss of data
C:\Users\Ben\source\repos\Sample2015\sample.cpp(2701,48): warning C4244:  '=': conversion from 'double' to 'float', possible loss of data
C:\Users\Ben\source\repos\Sample2015\sample.cpp(2702,48): warning C4244:  '=': conversion from 'double' to 'float', possible loss of data
C:\Users\Ben\source\repos\Sample2015\sample.cpp(2703,36): warning C4305:  '=': truncation from 'double' to 'float'
C:\Users\Ben\source\repos\Sample2015\sample.cpp(2704,41): warning C4244:  '=': conversion from 'int' to 'float', possible loss of data
C:\Users\Ben\source\repos\Sample2015\sample.cpp(2722,35): warning C4305:  '=': truncation from 'double' to 'float'
C:\Users\Ben\source\repos\Sample2015\sample.cpp(2723,40): warning C4244:  '=': conversion from 'int' to 'float', possible loss of data
C:\Users\Ben\source\repos\Sample2015\sample.cpp(2733,46): warning C4244:  '=': conversion from 'double' to 'float', possible loss of data
C:\Users\Ben\source\repos\Sample2015\sample.cpp(2734,46): warning C4244:  '=': conversion from 'double' to 'float', possible loss of data
C:\Users\Ben\source\repos\Sample2015\sample.cpp(2735,36): warning C4305:  '=': truncation from 'double' to 'float'
  Generating Code...
C:\Users\Ben\source\repos\Sample2015\sample.cpp(2736,41): warning C4244:  '=': conversion from 'int' to 'float', possible loss of data
AI.obj : warning LNK4075: ignoring '/EDITANDCONTINUE' due to '/INCREMENTAL:NO' specification
  Sample.vcxproj -> C:\Users\Ben\source\repos\Sample2015\.\Debug\Sample.exe
